c:\users\89598\source\repos\pe_load\pe_load\x64\debug\pemainwnd.obj
c:\users\89598\source\repos\pe_load\pe_load\x64\debug\sectionwnd.obj
c:\users\89598\source\repos\pe_load\pe_load\x64\debug\restabwnd.obj
c:\users\89598\source\repos\pe_load\pe_load\x64\debug\main.obj
c:\users\89598\source\repos\pe_load\pe_load\x64\debug\tezhenzhi.obj
c:\users\89598\source\repos\pe_load\pe_load\x64\debug\exportstabwnd.obj
c:\users\89598\source\repos\pe_load\pe_load\x64\debug\pe_load.obj
c:\users\89598\source\repos\pe_load\pe_load\x64\debug\importstabwnd.obj
c:\users\89598\source\repos\pe_load\pe_load\x64\debug\axype.obj
c:\users\89598\source\repos\pe_load\pe_load\x64\debug\datadirwnd.obj
c:\users\89598\source\repos\pe_load\pe_load\x64\debug\windowsaxy.obj
c:\users\89598\source\repos\pe_load\pe_load\x64\debug\relocaltabwnd.obj
c:\users\89598\source\repos\pe_load\pe_load\x64\debug\chara.obj
c:\users\89598\source\repos\pe_load\pe_load\x64\debug\vc142.pdb
c:\users\89598\source\repos\pe_load\pe_load\x64\debug\moc_exportstabwnd.obj
c:\users\89598\source\repos\pe_load\pe_load\x64\debug\moc_chara.obj
c:\users\89598\source\repos\pe_load\pe_load\x64\debug\moc_importstabwnd.obj
c:\users\89598\source\repos\pe_load\pe_load\x64\debug\moc_relocaltabwnd.obj
c:\users\89598\source\repos\pe_load\pe_load\x64\debug\moc_datadirwnd.obj
c:\users\89598\source\repos\pe_load\pe_load\x64\debug\moc_restabwnd.obj
c:\users\89598\source\repos\pe_load\pe_load\x64\debug\moc_sectionwnd.obj
c:\users\89598\source\repos\pe_load\pe_load\x64\debug\moc_pe_load.obj
c:\users\89598\source\repos\pe_load\pe_load\x64\debug\moc_tezhenzhi.obj
c:\users\89598\source\repos\pe_load\pe_load\x64\debug\qrc_pe_load.obj
c:\users\89598\source\repos\pe_load\pe_load\x64\debug\moc_pemainwnd.obj
c:\users\89598\source\repos\pe_load\pe_load\x64\debug\debugviewwnd.obj
c:\users\89598\source\repos\pe_load\pe_load\x64\debug\moc_debugviewwnd.obj
c:\users\89598\source\repos\pe_load\x64\debug\pe_load.exe
c:\users\89598\source\repos\pe_load\x64\debug\pe_load.ilk
c:\users\89598\source\repos\pe_load\x64\debug\pe_load.pdb
c:\users\89598\source\repos\pe_load\pe_load\x64\debug\moc\moc_pe_load.cpp
c:\users\89598\source\repos\pe_load\pe_load\x64\debug\moc\moc_debugviewwnd.cpp
c:\users\89598\source\repos\pe_load\pe_load\x64\debug\moc\moc_restabwnd.cpp
c:\users\89598\source\repos\pe_load\pe_load\x64\debug\moc\moc_importstabwnd.cpp
c:\users\89598\source\repos\pe_load\pe_load\x64\debug\moc\moc_exportstabwnd.cpp
c:\users\89598\source\repos\pe_load\pe_load\x64\debug\moc\moc_datadirwnd.cpp
c:\users\89598\source\repos\pe_load\pe_load\x64\debug\moc\moc_sectionwnd.cpp
c:\users\89598\source\repos\pe_load\pe_load\x64\debug\moc\moc_tezhenzhi.cpp
c:\users\89598\source\repos\pe_load\pe_load\x64\debug\moc\moc_chara.cpp
c:\users\89598\source\repos\pe_load\pe_load\x64\debug\moc\moc_pemainwnd.cpp
c:\users\89598\source\repos\pe_load\pe_load\x64\debug\uic\ui_chara.h
c:\users\89598\source\repos\pe_load\pe_load\x64\debug\uic\ui_datadirwnd.h
c:\users\89598\source\repos\pe_load\pe_load\x64\debug\uic\ui_exportstabwnd.h
c:\users\89598\source\repos\pe_load\pe_load\x64\debug\uic\ui_importstabwnd.h
c:\users\89598\source\repos\pe_load\pe_load\x64\debug\uic\ui_pemainwnd.h
c:\users\89598\source\repos\pe_load\pe_load\x64\debug\uic\ui_pe_load.h
c:\users\89598\source\repos\pe_load\pe_load\x64\debug\uic\ui_relocaltabwnd.h
c:\users\89598\source\repos\pe_load\pe_load\x64\debug\uic\ui_restabwnd.h
c:\users\89598\source\repos\pe_load\pe_load\x64\debug\uic\ui_sectionwnd.h
c:\users\89598\source\repos\pe_load\pe_load\x64\debug\uic\ui_tezhenzhi.h
c:\users\89598\source\repos\pe_load\pe_load\x64\debug\rcc\qrc_pe_load.cpp
c:\users\89598\source\repos\pe_load\pe_load\x64\debug\moc\moc_relocaltabwnd.cpp
c:\users\89598\source\repos\pe_load\pe_load\x64\debug\uic\ui_debugviewwnd.h
c:\users\89598\source\repos\pe_load\pe_load\x64\debug\pe_load.res
c:\users\89598\source\repos\pe_load\pe_load\x64\debug\pe_load.tlog\cl.command.1.tlog
c:\users\89598\source\repos\pe_load\pe_load\x64\debug\pe_load.tlog\cl.read.1.tlog
c:\users\89598\source\repos\pe_load\pe_load\x64\debug\pe_load.tlog\cl.write.1.tlog
c:\users\89598\source\repos\pe_load\pe_load\x64\debug\pe_load.tlog\link.command.1.tlog
c:\users\89598\source\repos\pe_load\pe_load\x64\debug\pe_load.tlog\link.read.1.tlog
c:\users\89598\source\repos\pe_load\pe_load\x64\debug\pe_load.tlog\link.write.1.tlog
c:\users\89598\source\repos\pe_load\pe_load\x64\debug\pe_load.tlog\moc.read.1u.tlog
c:\users\89598\source\repos\pe_load\pe_load\x64\debug\pe_load.tlog\moc.write.1u.tlog
c:\users\89598\source\repos\pe_load\pe_load\x64\debug\pe_load.tlog\pe_load.write.1u.tlog
c:\users\89598\source\repos\pe_load\pe_load\x64\debug\pe_load.tlog\rc.command.1.tlog
c:\users\89598\source\repos\pe_load\pe_load\x64\debug\pe_load.tlog\rc.read.1.tlog
c:\users\89598\source\repos\pe_load\pe_load\x64\debug\pe_load.tlog\rc.write.1.tlog
c:\users\89598\source\repos\pe_load\pe_load\x64\debug\pe_load.tlog\rcc.read.1u.tlog
c:\users\89598\source\repos\pe_load\pe_load\x64\debug\pe_load.tlog\rcc.write.1u.tlog
c:\users\89598\source\repos\pe_load\pe_load\x64\debug\pe_load.tlog\uic.read.1u.tlog
c:\users\89598\source\repos\pe_load\pe_load\x64\debug\pe_load.tlog\uic.write.1u.tlog
