c:\users\89598\source\repos\pe_load\pe_load\release\moc_pe_load.obj
c:\users\89598\source\repos\pe_load\pe_load\release\moc_debugviewwnd.obj
c:\users\89598\source\repos\pe_load\pe_load\release\moc_importstabwnd.obj
c:\users\89598\source\repos\pe_load\pe_load\release\moc_chara.obj
c:\users\89598\source\repos\pe_load\pe_load\release\moc_exportstabwnd.obj
c:\users\89598\source\repos\pe_load\pe_load\release\moc_relocaltabwnd.obj
c:\users\89598\source\repos\pe_load\pe_load\release\moc_delayimportstab.obj
c:\users\89598\source\repos\pe_load\pe_load\release\moc_pemainwnd.obj
c:\users\89598\source\repos\pe_load\pe_load\release\moc_datadirwnd.obj
c:\users\89598\source\repos\pe_load\pe_load\release\moc_tezhenzhi.obj
c:\users\89598\source\repos\pe_load\pe_load\release\moc_sectionwnd.obj
c:\users\89598\source\repos\pe_load\pe_load\release\moc_addresscalwnd.obj
c:\users\89598\source\repos\pe_load\pe_load\release\moc_restabwnd.obj
c:\users\89598\source\repos\pe_load\pe_load\release\qrc_pe_load.obj
c:\users\89598\source\repos\pe_load\pe_load\release\moc_tlswnd.obj
c:\users\89598\source\repos\pe_load\pe_load\release\windowsaxy.obj
c:\users\89598\source\repos\pe_load\pe_load\release\debugviewwnd.obj
c:\users\89598\source\repos\pe_load\pe_load\release\pemainwnd.obj
c:\users\89598\source\repos\pe_load\pe_load\release\tezhenzhi.obj
c:\users\89598\source\repos\pe_load\pe_load\release\relocaltabwnd.obj
c:\users\89598\source\repos\pe_load\pe_load\release\exportstabwnd.obj
c:\users\89598\source\repos\pe_load\pe_load\release\chara.obj
c:\users\89598\source\repos\pe_load\pe_load\release\main.obj
c:\users\89598\source\repos\pe_load\pe_load\release\sectionwnd.obj
c:\users\89598\source\repos\pe_load\pe_load\release\addresscalwnd.obj
c:\users\89598\source\repos\pe_load\pe_load\release\restabwnd.obj
c:\users\89598\source\repos\pe_load\pe_load\release\axype.obj
c:\users\89598\source\repos\pe_load\pe_load\release\datadirwnd.obj
c:\users\89598\source\repos\pe_load\pe_load\release\pe_load.obj
c:\users\89598\source\repos\pe_load\pe_load\release\tlswnd.obj
c:\users\89598\source\repos\pe_load\pe_load\release\importstabwnd.obj
c:\users\89598\source\repos\pe_load\pe_load\release\delayimportstab.obj
c:\users\89598\source\repos\pe_load\release\pe_load.exe
c:\users\89598\source\repos\pe_load\pe_load\release\moc\moc_pe_load.cpp
c:\users\89598\source\repos\pe_load\pe_load\release\moc\moc_addresscalwnd.cpp
c:\users\89598\source\repos\pe_load\pe_load\release\moc\moc_delayimportstab.cpp
c:\users\89598\source\repos\pe_load\pe_load\release\moc\moc_tlswnd.cpp
c:\users\89598\source\repos\pe_load\pe_load\release\moc\moc_debugviewwnd.cpp
c:\users\89598\source\repos\pe_load\pe_load\release\moc\moc_relocaltabwnd.cpp
c:\users\89598\source\repos\pe_load\pe_load\release\moc\moc_restabwnd.cpp
c:\users\89598\source\repos\pe_load\pe_load\release\moc\moc_importstabwnd.cpp
c:\users\89598\source\repos\pe_load\pe_load\release\moc\moc_exportstabwnd.cpp
c:\users\89598\source\repos\pe_load\pe_load\release\moc\moc_datadirwnd.cpp
c:\users\89598\source\repos\pe_load\pe_load\release\moc\moc_sectionwnd.cpp
c:\users\89598\source\repos\pe_load\pe_load\release\moc\moc_tezhenzhi.cpp
c:\users\89598\source\repos\pe_load\pe_load\release\moc\moc_chara.cpp
c:\users\89598\source\repos\pe_load\pe_load\release\moc\moc_pemainwnd.cpp
c:\users\89598\source\repos\pe_load\pe_load\release\uic\ui_addresscalwnd.h
c:\users\89598\source\repos\pe_load\pe_load\release\uic\ui_chara.h
c:\users\89598\source\repos\pe_load\pe_load\release\uic\ui_datadirwnd.h
c:\users\89598\source\repos\pe_load\pe_load\release\uic\ui_debugviewwnd.h
c:\users\89598\source\repos\pe_load\pe_load\release\uic\ui_delayimportstab.h
c:\users\89598\source\repos\pe_load\pe_load\release\uic\ui_exportstabwnd.h
c:\users\89598\source\repos\pe_load\pe_load\release\uic\ui_importstabwnd.h
c:\users\89598\source\repos\pe_load\pe_load\release\uic\ui_pemainwnd.h
c:\users\89598\source\repos\pe_load\pe_load\release\uic\ui_pe_load.h
c:\users\89598\source\repos\pe_load\pe_load\release\uic\ui_relocaltabwnd.h
c:\users\89598\source\repos\pe_load\pe_load\release\uic\ui_restabwnd.h
c:\users\89598\source\repos\pe_load\pe_load\release\uic\ui_sectionwnd.h
c:\users\89598\source\repos\pe_load\pe_load\release\uic\ui_tezhenzhi.h
c:\users\89598\source\repos\pe_load\pe_load\release\uic\ui_tlswnd.h
c:\users\89598\source\repos\pe_load\pe_load\release\rcc\qrc_pe_load.cpp
c:\users\89598\source\repos\pe_load\pe_load\release\pe_load.res
c:\users\89598\source\repos\pe_load\pe_load\release\pe_load.tlog\cl.10772.write.1.tlog
c:\users\89598\source\repos\pe_load\pe_load\release\pe_load.tlog\cl.command.1.tlog
c:\users\89598\source\repos\pe_load\pe_load\release\pe_load.tlog\cl.read.1.tlog
c:\users\89598\source\repos\pe_load\pe_load\release\pe_load.tlog\link.command.1.tlog
c:\users\89598\source\repos\pe_load\pe_load\release\pe_load.tlog\link.read.1.tlog
c:\users\89598\source\repos\pe_load\pe_load\release\pe_load.tlog\link.write.1.tlog
c:\users\89598\source\repos\pe_load\pe_load\release\pe_load.tlog\moc.read.1u.tlog
c:\users\89598\source\repos\pe_load\pe_load\release\pe_load.tlog\moc.write.1u.tlog
c:\users\89598\source\repos\pe_load\pe_load\release\pe_load.tlog\pe_load.write.1u.tlog
c:\users\89598\source\repos\pe_load\pe_load\release\pe_load.tlog\rc.command.1.tlog
c:\users\89598\source\repos\pe_load\pe_load\release\pe_load.tlog\rc.read.1.tlog
c:\users\89598\source\repos\pe_load\pe_load\release\pe_load.tlog\rc.write.1.tlog
c:\users\89598\source\repos\pe_load\pe_load\release\pe_load.tlog\rcc.read.1u.tlog
c:\users\89598\source\repos\pe_load\pe_load\release\pe_load.tlog\rcc.write.1u.tlog
c:\users\89598\source\repos\pe_load\pe_load\release\pe_load.tlog\uic.read.1u.tlog
c:\users\89598\source\repos\pe_load\pe_load\release\pe_load.tlog\uic.write.1u.tlog
